2020-09-11 22:19:52,689 - starting thread (client mode): 0xd8277ac0
2020-09-11 22:19:52,689 - Local version/idstring: SSH-2.0-paramiko_2.7.2
2020-09-11 22:19:52,689 - Remote version/idstring: SSH-2.0-Mocana SSH
2020-09-11 22:19:52,689 - Connected (version 2.0, client Mocana)
2020-09-11 22:19:52,690 - kex algos:['diffie-hellman-group-exchange-sha256', 'diffie-hellman-group-exchange-sha1', 'diffie-hellman-group14-sha1', 'diffie-hellman-group1-sha1'] server key:['ssh-rsa', 'ssh-dss'] client encrypt:['AEAD_AES_256_GCM', 'AEAD_AES_128_GCM', 'aes256-ctr', 'aes192-ctr', 'aes128-ctr'] server encrypt:['AEAD_AES_256_GCM', 'AEAD_AES_128_GCM', 'aes256-ctr', 'aes192-ctr', 'aes128-ctr'] client mac:['hmac-sha2-256', 'hmac-sha1', 'hmac-sha1-96'] server mac:['hmac-sha2-256', 'hmac-sha1', 'hmac-sha1-96'] client compress:['none'] server compress:['none'] client lang:[''] server lang:[''] kex follows?False
2020-09-11 22:19:52,690 - Kex agreed: diffie-hellman-group-exchange-sha256
2020-09-11 22:19:52,690 - HostKey agreed: ssh-rsa
2020-09-11 22:19:52,690 - Cipher agreed: aes128-ctr
2020-09-11 22:19:52,690 - MAC agreed: hmac-sha2-256
2020-09-11 22:19:52,690 - Compression agreed: none
2020-09-11 22:19:52,735 - Got server p (2048 bits)
2020-09-11 22:19:52,792 - kex engine KexGexSHA256 specified hash_algo <built-in function openssl_sha256>
2020-09-11 22:19:52,792 - Switch to new keys ...
2020-09-11 22:19:52,793 - Adding ssh-rsa host key for 192.168.180.200: b'a59d10cd9f0d92286c71db297467a23c'
2020-09-11 22:19:52,832 - userauth is OK
2020-09-11 22:19:52,890 - Authentication (password) successful!
2020-09-11 22:19:52,890 - [chan 0] Max packet in: 32768 bytes
2020-09-11 22:19:52,890 - [chan 0] Max packet out: 32768 bytes
2020-09-11 22:19:52,890 - Secsh channel 0 opened.
2020-09-11 22:19:52,891 - [chan 0] Sesch channel 0 request ok
2020-09-11 22:19:52,891 - [chan 0] Sesch channel 0 request ok
2020-09-11 22:19:54,001 - read_channel: 
2020-09-11 22:19:56,006 - read_channel: 
sbc# 
2020-09-11 22:19:56,110 - read_channel: 
2020-09-11 22:19:58,111 - read_channel: 
2020-09-11 22:19:58,214 - read_channel: 
2020-09-11 22:19:58,214 - write_channel: b'\n'
2020-09-11 22:19:58,316 - read_channel: 
sbc# 
2020-09-11 22:19:58,524 - read_channel: 
2020-09-11 22:19:58,524 - [find_prompt()]: prompt is sbc#
2020-09-11 22:19:58,932 - read_channel: 
2020-09-11 22:19:58,932 - write_channel: b'\n'
2020-09-11 22:19:58,932 - Pattern is: sbc
2020-09-11 22:19:58,933 - _read_channel_expect read_data: 
sbc# 
2020-09-11 22:19:58,933 - Pattern found: sbc 
sbc# 
2020-09-11 22:19:59,038 - read_channel: 
2020-09-11 22:19:59,038 - write_channel: b'\n'
2020-09-11 22:19:59,141 - read_channel: 
sbc# 
2020-09-11 22:19:59,345 - read_channel: 
2020-09-11 22:19:59,345 - [find_prompt()]: prompt is sbc#
2020-09-11 22:19:59,654 - read_channel: 
2020-09-11 22:19:59,654 - write_channel: b'backup-config ST3LABACMEBU091120Tool running\n'
2020-09-11 22:19:59,654 - Pattern is: backup\-config\ ST3LABACMEBU091120Tool\ running
2020-09-11 22:19:59,655 - _read_channel_expect read_data: backup-config ST3LABACMEBU091120Tool running

2020-09-11 22:19:59,655 - Pattern found: backup\-config\ ST3LABACMEBU091120Tool\ running backup-config ST3LABACMEBU091120Tool running

2020-09-11 22:19:59,860 - read_channel: ERROR: Cannot save backup config with this name, config name already in use
sbc# 
2020-09-11 22:19:59,963 - read_channel: 
2020-09-11 22:19:59,963 - write_channel: b'\n'
2020-09-11 22:20:00,068 - read_channel: 
sbc# 
2020-09-11 22:20:00,276 - read_channel: 
2020-09-11 22:20:00,276 - [find_prompt()]: prompt is sbc#
2020-09-11 22:20:00,584 - read_channel: 
2020-09-11 22:20:00,585 - write_channel: b'display-backups\n'
2020-09-11 22:20:00,585 - Pattern is: display\-backups
2020-09-11 22:20:00,585 - _read_channel_expect read_data: display-backups

2020-09-11 22:20:00,586 - Pattern found: display\-backups display-backups

2020-09-11 22:20:00,789 - read_channel: ST3LABACMEBU091020Tool.gz
ST3LABACMEBU091120Tool.gz
sbc# 
2020-09-11 22:20:00,791 - starting thread (client mode): 0xd82779a0
2020-09-11 22:20:00,791 - Local version/idstring: SSH-2.0-paramiko_2.7.2
2020-09-11 22:20:00,791 - Remote version/idstring: SSH-2.0-Mocana SSH
2020-09-11 22:20:00,791 - Connected (version 2.0, client Mocana)
2020-09-11 22:20:00,791 - kex algos:['diffie-hellman-group-exchange-sha256', 'diffie-hellman-group-exchange-sha1', 'diffie-hellman-group14-sha1', 'diffie-hellman-group1-sha1'] server key:['ssh-rsa', 'ssh-dss'] client encrypt:['AEAD_AES_256_GCM', 'AEAD_AES_128_GCM', 'aes256-ctr', 'aes192-ctr', 'aes128-ctr'] server encrypt:['AEAD_AES_256_GCM', 'AEAD_AES_128_GCM', 'aes256-ctr', 'aes192-ctr', 'aes128-ctr'] client mac:['hmac-sha2-256', 'hmac-sha1', 'hmac-sha1-96'] server mac:['hmac-sha2-256', 'hmac-sha1', 'hmac-sha1-96'] client compress:['none'] server compress:['none'] client lang:[''] server lang:[''] kex follows?False
2020-09-11 22:20:00,792 - Kex agreed: diffie-hellman-group-exchange-sha256
2020-09-11 22:20:00,792 - HostKey agreed: ssh-rsa
2020-09-11 22:20:00,792 - Cipher agreed: aes128-ctr
2020-09-11 22:20:00,792 - MAC agreed: hmac-sha2-256
2020-09-11 22:20:00,792 - Compression agreed: none
2020-09-11 22:20:00,837 - Got server p (2048 bits)
2020-09-11 22:20:00,893 - kex engine KexGexSHA256 specified hash_algo <built-in function openssl_sha256>
2020-09-11 22:20:00,893 - Switch to new keys ...
2020-09-11 22:20:00,893 - Attempting password auth...
2020-09-11 22:20:00,933 - userauth is OK
2020-09-11 22:20:00,992 - Authentication (password) successful!
2020-09-11 22:20:00,992 - [chan 0] Max packet in: 32768 bytes
2020-09-11 22:20:00,993 - [chan 0] Max packet out: 32768 bytes
2020-09-11 22:20:00,993 - Secsh channel 0 opened.
2020-09-11 22:20:00,993 - [chan 0] Sesch channel 0 request ok
2020-09-11 22:20:00,993 - [chan 0] Opened sftp connection (server version 3)
2020-09-11 22:20:00,994 - [chan 0] stat(b'/code/bkups/ST3LABACMEBU091120Tool.gz')
2020-09-11 22:20:00,994 - [chan 0] open(b'/code/bkups/ST3LABACMEBU091120Tool.gz', 'rb')
2020-09-11 22:20:00,995 - [chan 0] open(b'/code/bkups/ST3LABACMEBU091120Tool.gz', 'rb') -> 303030303030303040
2020-09-11 22:20:00,997 - [chan 0] close(303030303030303040)
2020-09-11 22:20:00,998 - write_channel: b'\n'
2020-09-11 22:20:00,998 - Pattern is: sbc
2020-09-11 22:20:00,999 - _read_channel_expect read_data: 
sbc# 
2020-09-11 22:20:00,999 - Pattern found: sbc 
sbc# 
2020-09-11 22:20:00,999 - write_channel: b'\n'
2020-09-11 22:20:00,999 - Pattern is: sbc
2020-09-11 22:20:01,009 - _read_channel_expect read_data: 
sbc# 
2020-09-11 22:20:01,009 - Pattern found: sbc 
sbc# 
2020-09-11 22:20:01,009 - write_channel: b'exit\n'
2020-09-11 22:20:01,416 - read_channel: exit
sbc> 
2020-09-11 22:20:01,417 - Clear buffer detects data in the channel
2020-09-11 22:20:01,620 - read_channel: 
2020-09-11 22:20:01,620 - write_channel: b'\n'
2020-09-11 22:20:01,724 - read_channel: 
sbc> 
2020-09-11 22:20:01,933 - read_channel: 
2020-09-11 22:20:01,933 - [find_prompt()]: prompt is sbc>
2020-09-11 22:20:01,933 - write_channel: b'exit\n'
2020-09-11 22:20:01,933 - [chan 0] sftp session closed.
2020-09-11 22:20:01,933 - [chan 0] EOF sent (0)
2020-09-11 22:28:03,689 - starting thread (client mode): 0x6820fac0
2020-09-11 22:28:03,690 - Local version/idstring: SSH-2.0-paramiko_2.7.2
2020-09-11 22:28:03,690 - Remote version/idstring: SSH-2.0-Mocana SSH
2020-09-11 22:28:03,690 - Connected (version 2.0, client Mocana)
2020-09-11 22:28:03,690 - kex algos:['diffie-hellman-group-exchange-sha256', 'diffie-hellman-group-exchange-sha1', 'diffie-hellman-group14-sha1', 'diffie-hellman-group1-sha1'] server key:['ssh-rsa', 'ssh-dss'] client encrypt:['AEAD_AES_256_GCM', 'AEAD_AES_128_GCM', 'aes256-ctr', 'aes192-ctr', 'aes128-ctr'] server encrypt:['AEAD_AES_256_GCM', 'AEAD_AES_128_GCM', 'aes256-ctr', 'aes192-ctr', 'aes128-ctr'] client mac:['hmac-sha2-256', 'hmac-sha1', 'hmac-sha1-96'] server mac:['hmac-sha2-256', 'hmac-sha1', 'hmac-sha1-96'] client compress:['none'] server compress:['none'] client lang:[''] server lang:[''] kex follows?False
2020-09-11 22:28:03,690 - Kex agreed: diffie-hellman-group-exchange-sha256
2020-09-11 22:28:03,690 - HostKey agreed: ssh-rsa
2020-09-11 22:28:03,690 - Cipher agreed: aes128-ctr
2020-09-11 22:28:03,691 - MAC agreed: hmac-sha2-256
2020-09-11 22:28:03,691 - Compression agreed: none
2020-09-11 22:28:03,735 - Got server p (2048 bits)
2020-09-11 22:28:03,798 - kex engine KexGexSHA256 specified hash_algo <built-in function openssl_sha256>
2020-09-11 22:28:03,799 - Switch to new keys ...
2020-09-11 22:28:03,799 - Adding ssh-rsa host key for 192.168.180.200: b'a59d10cd9f0d92286c71db297467a23c'
2020-09-11 22:28:03,839 - userauth is OK
2020-09-11 22:28:03,897 - Authentication (password) successful!
2020-09-11 22:28:03,897 - [chan 0] Max packet in: 32768 bytes
2020-09-11 22:28:03,897 - [chan 0] Max packet out: 32768 bytes
2020-09-11 22:28:03,898 - Secsh channel 0 opened.
2020-09-11 22:28:03,898 - [chan 0] Sesch channel 0 request ok
2020-09-11 22:28:03,898 - [chan 0] Sesch channel 0 request ok
2020-09-11 22:28:05,007 - read_channel: 
2020-09-11 22:28:07,012 - read_channel: 
sbc# 
2020-09-11 22:28:07,112 - read_channel: 
2020-09-11 22:28:09,117 - read_channel: 
2020-09-11 22:28:09,219 - read_channel: 
2020-09-11 22:28:09,220 - write_channel: b'\n'
2020-09-11 22:28:09,324 - read_channel: 
sbc# 
2020-09-11 22:28:09,533 - read_channel: 
2020-09-11 22:28:09,533 - [find_prompt()]: prompt is sbc#
2020-09-11 22:28:09,942 - read_channel: 
2020-09-11 22:28:09,942 - write_channel: b'\n'
2020-09-11 22:28:09,942 - Pattern is: sbc
2020-09-11 22:28:09,943 - _read_channel_expect read_data: 
sbc# 
2020-09-11 22:28:09,943 - Pattern found: sbc 
sbc# 
2020-09-11 22:28:10,047 - read_channel: 
2020-09-11 22:28:10,047 - write_channel: b'\n'
2020-09-11 22:28:10,152 - read_channel: 
sbc# 
2020-09-11 22:28:10,358 - read_channel: 
2020-09-11 22:28:10,358 - [find_prompt()]: prompt is sbc#
2020-09-11 22:28:10,667 - read_channel: 
2020-09-11 22:28:10,667 - write_channel: b'backup-config ST3LABACMEBU091120Tool running\n'
2020-09-11 22:28:10,667 - Pattern is: backup\-config\ ST3LABACMEBU091120Tool\ running
2020-09-11 22:28:10,668 - _read_channel_expect read_data: backup-config ST3LABACMEBU091120Tool running

2020-09-11 22:28:10,668 - Pattern found: backup\-config\ ST3LABACMEBU091120Tool\ running backup-config ST3LABACMEBU091120Tool running

2020-09-11 22:28:10,872 - read_channel: ERROR: Cannot save backup config with this name, config name already in use
sbc# 
2020-09-11 22:28:10,976 - read_channel: 
2020-09-11 22:28:10,977 - write_channel: b'\n'
2020-09-11 22:28:11,082 - read_channel: 
sbc# 
2020-09-11 22:28:11,291 - read_channel: 
2020-09-11 22:28:11,291 - [find_prompt()]: prompt is sbc#
2020-09-11 22:28:11,601 - read_channel: 
2020-09-11 22:28:11,602 - write_channel: b'display-backups\n'
2020-09-11 22:28:11,602 - Pattern is: display\-backups
2020-09-11 22:28:11,605 - _read_channel_expect read_data: display-backups
ST3LABACMEBU091020Tool.gz
ST3LABACMEBU091120Tool.gz
sbc# 
2020-09-11 22:28:11,605 - Pattern found: display\-backups display-backups
ST3LABACMEBU091020Tool.gz
ST3LABACMEBU091120Tool.gz
sbc# 
2020-09-11 22:28:11,607 - starting thread (client mode): 0x6820f820
2020-09-11 22:28:11,607 - Local version/idstring: SSH-2.0-paramiko_2.7.2
2020-09-11 22:28:11,607 - Remote version/idstring: SSH-2.0-Mocana SSH
2020-09-11 22:28:11,607 - Connected (version 2.0, client Mocana)
2020-09-11 22:28:11,609 - kex algos:['diffie-hellman-group-exchange-sha256', 'diffie-hellman-group-exchange-sha1', 'diffie-hellman-group14-sha1', 'diffie-hellman-group1-sha1'] server key:['ssh-rsa', 'ssh-dss'] client encrypt:['AEAD_AES_256_GCM', 'AEAD_AES_128_GCM', 'aes256-ctr', 'aes192-ctr', 'aes128-ctr'] server encrypt:['AEAD_AES_256_GCM', 'AEAD_AES_128_GCM', 'aes256-ctr', 'aes192-ctr', 'aes128-ctr'] client mac:['hmac-sha2-256', 'hmac-sha1', 'hmac-sha1-96'] server mac:['hmac-sha2-256', 'hmac-sha1', 'hmac-sha1-96'] client compress:['none'] server compress:['none'] client lang:[''] server lang:[''] kex follows?False
2020-09-11 22:28:11,609 - Kex agreed: diffie-hellman-group-exchange-sha256
2020-09-11 22:28:11,609 - HostKey agreed: ssh-rsa
2020-09-11 22:28:11,609 - Cipher agreed: aes128-ctr
2020-09-11 22:28:11,609 - MAC agreed: hmac-sha2-256
2020-09-11 22:28:11,609 - Compression agreed: none
2020-09-11 22:28:11,654 - Got server p (2048 bits)
2020-09-11 22:28:11,718 - kex engine KexGexSHA256 specified hash_algo <built-in function openssl_sha256>
2020-09-11 22:28:11,719 - Switch to new keys ...
2020-09-11 22:28:11,719 - Attempting password auth...
2020-09-11 22:28:11,758 - userauth is OK
2020-09-11 22:28:11,816 - Authentication (password) successful!
2020-09-11 22:28:11,816 - [chan 0] Max packet in: 32768 bytes
2020-09-11 22:28:11,817 - [chan 0] Max packet out: 32768 bytes
2020-09-11 22:28:11,817 - Secsh channel 0 opened.
2020-09-11 22:28:11,817 - [chan 0] Sesch channel 0 request ok
2020-09-11 22:28:11,817 - [chan 0] Opened sftp connection (server version 3)
2020-09-11 22:28:11,818 - [chan 0] stat(b'/code/bkups/ST3LABACMEBU091120Tool.gz')
2020-09-11 22:28:11,818 - [chan 0] open(b'/code/bkups/ST3LABACMEBU091120Tool.gz', 'rb')
2020-09-11 22:28:11,819 - [chan 0] open(b'/code/bkups/ST3LABACMEBU091120Tool.gz', 'rb') -> 303030303030303040
2020-09-11 22:28:11,820 - [chan 0] close(303030303030303040)
2020-09-11 22:28:11,821 - write_channel: b'\n'
2020-09-11 22:28:11,822 - Pattern is: sbc
2020-09-11 22:28:11,822 - _read_channel_expect read_data: 
sbc# 
2020-09-11 22:28:11,822 - Pattern found: sbc 
sbc# 
2020-09-11 22:28:11,823 - write_channel: b'\n'
2020-09-11 22:28:11,823 - Pattern is: sbc
2020-09-11 22:28:11,833 - _read_channel_expect read_data: 
sbc# 
2020-09-11 22:28:11,833 - Pattern found: sbc 
sbc# 
2020-09-11 22:28:11,833 - write_channel: b'exit\n'
2020-09-11 22:28:12,240 - read_channel: exit
sbc> 
2020-09-11 22:28:12,240 - Clear buffer detects data in the channel
2020-09-11 22:28:12,445 - read_channel: 
2020-09-11 22:28:12,445 - write_channel: b'\n'
2020-09-11 22:28:12,550 - read_channel: 
sbc> 
2020-09-11 22:28:12,760 - read_channel: 
2020-09-11 22:28:12,760 - [find_prompt()]: prompt is sbc>
2020-09-11 22:28:12,760 - write_channel: b'exit\n'
2020-09-11 22:28:12,760 - [chan 0] sftp session closed.
2020-09-11 22:28:12,760 - [chan 0] EOF sent (0)
2020-09-11 22:30:20,226 - starting thread (client mode): 0x601dfac0
2020-09-11 22:30:20,226 - Local version/idstring: SSH-2.0-paramiko_2.7.2
2020-09-11 22:30:20,226 - Remote version/idstring: SSH-2.0-Mocana SSH
2020-09-11 22:30:20,226 - Connected (version 2.0, client Mocana)
2020-09-11 22:30:20,227 - kex algos:['diffie-hellman-group-exchange-sha256', 'diffie-hellman-group-exchange-sha1', 'diffie-hellman-group14-sha1', 'diffie-hellman-group1-sha1'] server key:['ssh-rsa', 'ssh-dss'] client encrypt:['AEAD_AES_256_GCM', 'AEAD_AES_128_GCM', 'aes256-ctr', 'aes192-ctr', 'aes128-ctr'] server encrypt:['AEAD_AES_256_GCM', 'AEAD_AES_128_GCM', 'aes256-ctr', 'aes192-ctr', 'aes128-ctr'] client mac:['hmac-sha2-256', 'hmac-sha1', 'hmac-sha1-96'] server mac:['hmac-sha2-256', 'hmac-sha1', 'hmac-sha1-96'] client compress:['none'] server compress:['none'] client lang:[''] server lang:[''] kex follows?False
2020-09-11 22:30:20,227 - Kex agreed: diffie-hellman-group-exchange-sha256
2020-09-11 22:30:20,227 - HostKey agreed: ssh-rsa
2020-09-11 22:30:20,227 - Cipher agreed: aes128-ctr
2020-09-11 22:30:20,227 - MAC agreed: hmac-sha2-256
2020-09-11 22:30:20,227 - Compression agreed: none
2020-09-11 22:30:20,272 - Got server p (2048 bits)
2020-09-11 22:30:20,329 - kex engine KexGexSHA256 specified hash_algo <built-in function openssl_sha256>
2020-09-11 22:30:20,330 - Switch to new keys ...
2020-09-11 22:30:20,330 - Adding ssh-rsa host key for 192.168.180.200: b'a59d10cd9f0d92286c71db297467a23c'
2020-09-11 22:30:20,370 - userauth is OK
2020-09-11 22:30:20,428 - Authentication (password) successful!
2020-09-11 22:30:20,428 - [chan 0] Max packet in: 32768 bytes
2020-09-11 22:30:20,429 - [chan 0] Max packet out: 32768 bytes
2020-09-11 22:30:20,429 - Secsh channel 0 opened.
2020-09-11 22:30:20,429 - [chan 0] Sesch channel 0 request ok
2020-09-11 22:30:20,430 - [chan 0] Sesch channel 0 request ok
2020-09-11 22:30:21,538 - read_channel: 
2020-09-11 22:30:23,540 - read_channel: 
sbc# 
2020-09-11 22:30:23,645 - read_channel: 
2020-09-11 22:30:25,646 - read_channel: 
2020-09-11 22:30:25,751 - read_channel: 
2020-09-11 22:30:25,751 - write_channel: b'\n'
2020-09-11 22:30:25,854 - read_channel: 
sbc# 
2020-09-11 22:30:26,061 - read_channel: 
2020-09-11 22:30:26,061 - [find_prompt()]: prompt is sbc#
2020-09-11 22:30:26,470 - read_channel: 
2020-09-11 22:30:26,471 - write_channel: b'\n'
2020-09-11 22:30:26,471 - Pattern is: sbc
2020-09-11 22:30:26,471 - _read_channel_expect read_data: 
sbc# 
2020-09-11 22:30:26,472 - Pattern found: sbc 
sbc# 
2020-09-11 22:30:26,576 - read_channel: 
2020-09-11 22:30:26,576 - write_channel: b'\n'
2020-09-11 22:30:26,681 - read_channel: 
sbc# 
2020-09-11 22:30:26,889 - read_channel: 
2020-09-11 22:30:26,890 - [find_prompt()]: prompt is sbc#
2020-09-11 22:30:27,197 - read_channel: 
2020-09-11 22:30:27,197 - write_channel: b'backup-config ST3LABACMEBU091120Tool running\n'
2020-09-11 22:30:27,197 - Pattern is: backup\-config\ ST3LABACMEBU091120Tool\ running
2020-09-11 22:30:27,198 - _read_channel_expect read_data: backup-config ST3LABACMEBU091120Tool running

2020-09-11 22:30:27,199 - Pattern found: backup\-config\ ST3LABACMEBU091120Tool\ running backup-config ST3LABACMEBU091120Tool running

2020-09-11 22:30:27,401 - read_channel: ERROR: Cannot save backup config with this name, config name already in use
sbc# 
2020-09-11 22:30:27,506 - read_channel: 
2020-09-11 22:30:27,506 - write_channel: b'\n'
2020-09-11 22:30:27,609 - read_channel: 
sbc# 
2020-09-11 22:30:27,817 - read_channel: 
2020-09-11 22:30:27,817 - [find_prompt()]: prompt is sbc#
2020-09-11 22:30:28,125 - read_channel: 
2020-09-11 22:30:28,125 - write_channel: b'display-backups\n'
2020-09-11 22:30:28,126 - Pattern is: display\-backups
2020-09-11 22:30:28,126 - _read_channel_expect read_data: display-backups
ST3LABACMEBU091020Tool.gz
ST3LABACMEBU091120Tool.gz
sbc# 
2020-09-11 22:30:28,126 - Pattern found: display\-backups display-backups
ST3LABACMEBU091020Tool.gz
ST3LABACMEBU091120Tool.gz
sbc# 
2020-09-11 22:30:28,127 - starting thread (client mode): 0x601df820
2020-09-11 22:30:28,128 - Local version/idstring: SSH-2.0-paramiko_2.7.2
2020-09-11 22:30:28,128 - Remote version/idstring: SSH-2.0-Mocana SSH
2020-09-11 22:30:28,128 - Connected (version 2.0, client Mocana)
2020-09-11 22:30:28,128 - kex algos:['diffie-hellman-group-exchange-sha256', 'diffie-hellman-group-exchange-sha1', 'diffie-hellman-group14-sha1', 'diffie-hellman-group1-sha1'] server key:['ssh-rsa', 'ssh-dss'] client encrypt:['AEAD_AES_256_GCM', 'AEAD_AES_128_GCM', 'aes256-ctr', 'aes192-ctr', 'aes128-ctr'] server encrypt:['AEAD_AES_256_GCM', 'AEAD_AES_128_GCM', 'aes256-ctr', 'aes192-ctr', 'aes128-ctr'] client mac:['hmac-sha2-256', 'hmac-sha1', 'hmac-sha1-96'] server mac:['hmac-sha2-256', 'hmac-sha1', 'hmac-sha1-96'] client compress:['none'] server compress:['none'] client lang:[''] server lang:[''] kex follows?False
2020-09-11 22:30:28,129 - Kex agreed: diffie-hellman-group-exchange-sha256
2020-09-11 22:30:28,129 - HostKey agreed: ssh-rsa
2020-09-11 22:30:28,129 - Cipher agreed: aes128-ctr
2020-09-11 22:30:28,129 - MAC agreed: hmac-sha2-256
2020-09-11 22:30:28,129 - Compression agreed: none
2020-09-11 22:30:28,173 - Got server p (2048 bits)
2020-09-11 22:30:28,228 - kex engine KexGexSHA256 specified hash_algo <built-in function openssl_sha256>
2020-09-11 22:30:28,229 - Switch to new keys ...
2020-09-11 22:30:28,229 - Attempting password auth...
2020-09-11 22:30:28,269 - userauth is OK
2020-09-11 22:30:28,327 - Authentication (password) successful!
2020-09-11 22:30:28,327 - [chan 0] Max packet in: 32768 bytes
2020-09-11 22:30:28,328 - [chan 0] Max packet out: 32768 bytes
2020-09-11 22:30:28,328 - Secsh channel 0 opened.
2020-09-11 22:30:28,328 - [chan 0] Sesch channel 0 request ok
2020-09-11 22:30:28,329 - [chan 0] Opened sftp connection (server version 3)
2020-09-11 22:30:28,329 - [chan 0] stat(b'/code/bkups/ST3LABACMEBU091120Tool.gz')
2020-09-11 22:30:28,330 - [chan 0] open(b'/code/bkups/ST3LABACMEBU091120Tool.gz', 'rb')
2020-09-11 22:30:28,330 - [chan 0] open(b'/code/bkups/ST3LABACMEBU091120Tool.gz', 'rb') -> 303030303030303040
2020-09-11 22:30:28,332 - [chan 0] close(303030303030303040)
2020-09-11 22:30:28,333 - write_channel: b'\n'
2020-09-11 22:30:28,333 - Pattern is: sbc
2020-09-11 22:30:28,335 - _read_channel_expect read_data: 
sbc# 
2020-09-11 22:30:28,335 - Pattern found: sbc 
sbc# 
2020-09-11 22:30:28,335 - write_channel: b'\n'
2020-09-11 22:30:28,335 - Pattern is: sbc
2020-09-11 22:30:28,346 - _read_channel_expect read_data: 
sbc# 
2020-09-11 22:30:28,346 - Pattern found: sbc 
sbc# 
2020-09-11 22:30:28,347 - write_channel: b'exit\n'
2020-09-11 22:30:28,754 - read_channel: exit
sbc> 
2020-09-11 22:30:28,754 - Clear buffer detects data in the channel
2020-09-11 22:30:28,958 - read_channel: 
2020-09-11 22:30:28,959 - write_channel: b'\n'
2020-09-11 22:30:29,061 - read_channel: 
sbc> 
2020-09-11 22:30:29,269 - read_channel: 
2020-09-11 22:30:29,269 - [find_prompt()]: prompt is sbc>
2020-09-11 22:30:29,269 - write_channel: b'exit\n'
2020-09-11 22:30:29,269 - [chan 0] sftp session closed.
2020-09-11 22:30:29,269 - [chan 0] EOF sent (0)
2020-09-11 22:40:06,465 - Connected (version 2.0, client Mocana)
2020-09-11 22:40:06,667 - Authentication (password) successful!
2020-09-11 22:40:14,377 - Connected (version 2.0, client Mocana)
2020-09-11 22:40:14,577 - Authentication (password) successful!
2020-09-11 22:40:14,579 - [chan 0] Opened sftp connection (server version 3)
2020-09-11 22:40:15,523 - [chan 0] sftp session closed.
2020-09-11 23:08:02,075 - Variable data:
2020-09-11 23:08:02,075 - 091120
2020-09-11 23:08:02,075 - Darwin
2020-09-11 23:08:02,075 - /Users/tmedley/Downloads/
2020-09-11 23:08:02,075 - ST3LABACMEBU091120Tool
2020-09-11 23:08:02,075 - ['192.168.180.200', '192.168.180.201', '192.168.180.202']
2020-09-11 23:08:02,075 - ['ST1LAB', 'ST2LAB', 'ST3LAB']
2020-09-11 23:24:03,949 - Connected (version 2.0, client Mocana)
2020-09-11 23:24:04,148 - Authentication (password) successful!
2020-09-11 23:24:11,852 - Connected (version 2.0, client Mocana)
2020-09-11 23:24:12,051 - Authentication (password) successful!
2020-09-11 23:24:12,053 - [chan 0] Opened sftp connection (server version 3)
2020-09-11 23:24:12,056 - Variable data:
2020-09-11 23:24:12,056 - 091120
2020-09-11 23:24:12,056 - Darwin
2020-09-11 23:24:12,056 - /Users/tmedley/Downloads/
2020-09-11 23:24:12,056 - ST3LABACMEBU091120Tool
2020-09-11 23:24:12,056 - ['192.168.180.200', '192.168.180.201', '192.168.180.202']
2020-09-11 23:24:12,056 - ['ST1LAB', 'ST2LAB', 'ST3LAB']
2020-09-11 23:24:12,991 - [chan 0] sftp session closed.
2020-09-11 23:25:04,430 - Connected (version 2.0, client Mocana)
2020-09-11 23:25:04,632 - Authentication (password) successful!
2020-09-11 23:25:12,331 - Connected (version 2.0, client Mocana)
2020-09-11 23:25:12,534 - Authentication (password) successful!
2020-09-11 23:25:12,537 - [chan 0] Opened sftp connection (server version 3)
2020-09-11 23:25:12,541 - Variable data:
2020-09-11 23:25:12,541 - 091120
2020-09-11 23:25:12,541 - Darwin
2020-09-11 23:25:12,541 - /Users/tmedley/Downloads/
2020-09-11 23:25:12,541 - ST3LABACMEBU091120Tool
2020-09-11 23:25:12,541 - ['192.168.180.200', '192.168.180.201', '192.168.180.202']
2020-09-11 23:25:12,541 - ['ST1LAB', 'ST2LAB', 'ST3LAB']
2020-09-11 23:25:13,476 - [chan 0] sftp session closed.
2020-09-11 23:25:38,806 - Connected (version 2.0, client Mocana)
2020-09-11 23:25:39,009 - Authentication (password) failed.
2020-09-11 23:26:07,827 - Connected (version 2.0, client Mocana)
2020-09-11 23:26:08,025 - Authentication (password) successful!
2020-09-11 23:26:15,728 - Connected (version 2.0, client Mocana)
2020-09-11 23:26:15,926 - Authentication (password) successful!
2020-09-11 23:26:15,927 - [chan 0] Opened sftp connection (server version 3)
2020-09-11 23:26:15,931 - Variable data:
2020-09-11 23:26:15,931 - 091120
2020-09-11 23:26:15,931 - Darwin
2020-09-11 23:26:15,931 - /Users/tmedley/Downloads/
2020-09-11 23:26:15,931 - ST3LABACMEBU091120Tool
2020-09-11 23:26:15,931 - ['192.168.180.200', '192.168.180.201', '192.168.180.202']
2020-09-11 23:26:15,931 - ['ST1LAB', 'ST2LAB', 'ST3LAB']
2020-09-11 23:26:16,863 - [chan 0] sftp session closed.
2020-09-11 23:28:52,749 - Connected (version 2.0, client Mocana)
2020-09-11 23:28:52,945 - Authentication (password) successful!
2020-09-11 23:29:00,636 - Connected (version 2.0, client Mocana)
2020-09-11 23:29:00,833 - Authentication (password) successful!
2020-09-11 23:29:00,835 - [chan 0] Opened sftp connection (server version 3)
2020-09-11 23:29:00,838 - Variable data:
2020-09-11 23:29:00,838 - 091120
2020-09-11 23:29:00,838 - Darwin
2020-09-11 23:29:00,838 - /Users/tmedley/Downloads/
2020-09-11 23:29:00,838 - ST3LABACMEBU091120Tool
2020-09-11 23:29:00,839 - ['192.168.180.200', '192.168.180.201', '192.168.180.202']
2020-09-11 23:29:00,839 - ['ST1LAB', 'ST2LAB', 'ST3LAB']
2020-09-11 23:29:01,775 - [chan 0] sftp session closed.
2020-09-11 23:49:43,659 - Connected (version 2.0, client Mocana)
2020-09-11 23:49:43,859 - Authentication (password) successful!
2020-09-11 23:49:51,574 - Connected (version 2.0, client Mocana)
2020-09-11 23:49:51,790 - Authentication (password) successful!
2020-09-11 23:49:51,793 - [chan 0] Opened sftp connection (server version 3)
2020-09-11 23:49:51,798 - Connected (version 2.0, client Mocana)
2020-09-11 23:49:52,003 - Authentication (password) successful!
2020-09-11 23:49:59,706 - Connected (version 2.0, client Mocana)
2020-09-11 23:49:59,907 - Authentication (password) successful!
2020-09-11 23:49:59,908 - [chan 0] Opened sftp connection (server version 3)
2020-09-11 23:49:59,913 - Connected (version 2.0, client Mocana)
2020-09-11 23:50:00,112 - Authentication (password) successful!
2020-09-11 23:50:07,811 - Connected (version 2.0, client Mocana)
2020-09-11 23:50:08,010 - Authentication (password) successful!
2020-09-11 23:50:08,012 - [chan 0] Opened sftp connection (server version 3)
2020-09-11 23:50:08,015 - Variable data:
2020-09-11 23:50:08,015 - 091120
2020-09-11 23:50:08,015 - Darwin
2020-09-11 23:50:08,015 - /Users/tmedley/Downloads/
2020-09-11 23:50:08,015 - ST3LABACMEBU091120Tool
2020-09-11 23:50:08,015 - ['192.168.180.200', '192.168.180.201', '192.168.180.202']
2020-09-11 23:50:08,015 - ['ST1LAB', 'ST2LAB', 'ST3LAB']
2020-09-11 23:50:08,955 - [chan 0] sftp session closed.
2020-09-11 23:52:19,995 - Connected (version 2.0, client Mocana)
2020-09-11 23:52:20,198 - Authentication (password) successful!
2020-09-11 23:52:27,904 - Connected (version 2.0, client Mocana)
2020-09-11 23:52:28,104 - Authentication (password) successful!
2020-09-11 23:52:28,106 - [chan 0] Opened sftp connection (server version 3)
2020-09-11 23:52:28,110 - Connected (version 2.0, client Mocana)
2020-09-11 23:52:28,312 - Authentication (password) successful!
2020-09-11 23:52:36,013 - Connected (version 2.0, client Mocana)
2020-09-11 23:52:36,218 - Authentication (password) successful!
2020-09-11 23:52:36,221 - [chan 0] Opened sftp connection (server version 3)
2020-09-11 23:52:36,233 - Connected (version 2.0, client Mocana)
2020-09-11 23:52:36,445 - Authentication (password) successful!
2020-09-11 23:52:44,154 - Connected (version 2.0, client Mocana)
2020-09-11 23:52:44,358 - Authentication (password) successful!
2020-09-11 23:52:44,359 - [chan 0] Opened sftp connection (server version 3)
2020-09-11 23:52:44,363 - Variable data:
2020-09-11 23:52:44,363 - 091120
2020-09-11 23:52:44,363 - Darwin
2020-09-11 23:52:44,363 - /Users/tmedley/Downloads/
2020-09-11 23:52:44,363 - ST3LABACMEBU091120Tool
2020-09-11 23:52:44,363 - ['192.168.180.200', '192.168.180.201', '192.168.180.202']
2020-09-11 23:52:44,363 - ['ST1LAB', 'ST2LAB', 'ST3LAB']
2020-09-11 23:52:45,297 - [chan 0] sftp session closed.
2020-09-11 23:56:09,723 - Connected (version 2.0, client Mocana)
2020-09-11 23:56:09,923 - Authentication (password) successful!
2020-09-11 23:56:17,631 - Connected (version 2.0, client Mocana)
2020-09-11 23:56:17,836 - Authentication (password) successful!
2020-09-11 23:56:17,838 - [chan 0] Opened sftp connection (server version 3)
2020-09-11 23:56:17,843 - Connected (version 2.0, client Mocana)
2020-09-11 23:56:18,048 - Authentication (password) successful!
2020-09-11 23:56:25,756 - Connected (version 2.0, client Mocana)
2020-09-11 23:56:25,954 - Authentication (password) successful!
2020-09-11 23:56:25,955 - [chan 0] Opened sftp connection (server version 3)
2020-09-11 23:56:25,960 - Connected (version 2.0, client Mocana)
2020-09-11 23:56:26,161 - Authentication (password) successful!
2020-09-11 23:56:33,869 - Exception: Error reading SSH protocol banner
2020-09-11 23:56:33,873 - Traceback (most recent call last):
2020-09-11 23:56:33,873 -   File "/Library/Frameworks/Python.framework/Versions/3.8/lib/python3.8/site-packages/paramiko/transport.py", line 2211, in _check_banner
2020-09-11 23:56:33,873 -     buf = self.packetizer.readline(timeout)
2020-09-11 23:56:33,873 -   File "/Library/Frameworks/Python.framework/Versions/3.8/lib/python3.8/site-packages/paramiko/packet.py", line 380, in readline
2020-09-11 23:56:33,873 -     buf += self._read_timeout(timeout)
2020-09-11 23:56:33,873 -   File "/Library/Frameworks/Python.framework/Versions/3.8/lib/python3.8/site-packages/paramiko/packet.py", line 609, in _read_timeout
2020-09-11 23:56:33,873 -     raise EOFError()
2020-09-11 23:56:33,873 - EOFError
2020-09-11 23:56:33,873 - 
2020-09-11 23:56:33,873 - During handling of the above exception, another exception occurred:
2020-09-11 23:56:33,873 - 
2020-09-11 23:56:33,873 - Traceback (most recent call last):
2020-09-11 23:56:33,873 -   File "/Library/Frameworks/Python.framework/Versions/3.8/lib/python3.8/site-packages/paramiko/transport.py", line 2039, in run
2020-09-11 23:56:33,874 -     self._check_banner()
2020-09-11 23:56:33,874 -   File "/Library/Frameworks/Python.framework/Versions/3.8/lib/python3.8/site-packages/paramiko/transport.py", line 2215, in _check_banner
2020-09-11 23:56:33,874 -     raise SSHException(
2020-09-11 23:56:33,874 - paramiko.ssh_exception.SSHException: Error reading SSH protocol banner
2020-09-11 23:56:33,874 - 
2020-09-11 23:56:34,814 - [chan 0] sftp session closed.
2020-09-12 00:01:18,532 - Connected (version 2.0, client Mocana)
2020-09-12 00:01:18,731 - Authentication (password) successful!
2020-09-12 00:01:26,426 - Connected (version 2.0, client Mocana)
2020-09-12 00:01:26,624 - Authentication (password) successful!
2020-09-12 00:01:26,625 - [chan 0] Opened sftp connection (server version 3)
2020-09-12 00:01:26,632 - Connected (version 2.0, client Mocana)
2020-09-12 00:01:26,834 - Authentication (password) successful!
2020-09-12 00:01:34,544 - Connected (version 2.0, client Mocana)
2020-09-12 00:01:34,744 - Authentication (password) successful!
2020-09-12 00:01:34,746 - [chan 0] Opened sftp connection (server version 3)
2020-09-12 00:01:34,750 - Connected (version 2.0, client Mocana)
2020-09-12 00:01:34,954 - Authentication (password) successful!
2020-09-12 00:01:42,653 - Exception: Error reading SSH protocol banner
2020-09-12 00:01:42,654 - Traceback (most recent call last):
2020-09-12 00:01:42,654 -   File "/Library/Frameworks/Python.framework/Versions/3.8/lib/python3.8/site-packages/paramiko/transport.py", line 2211, in _check_banner
2020-09-12 00:01:42,654 -     buf = self.packetizer.readline(timeout)
2020-09-12 00:01:42,654 -   File "/Library/Frameworks/Python.framework/Versions/3.8/lib/python3.8/site-packages/paramiko/packet.py", line 380, in readline
2020-09-12 00:01:42,655 -     buf += self._read_timeout(timeout)
2020-09-12 00:01:42,655 -   File "/Library/Frameworks/Python.framework/Versions/3.8/lib/python3.8/site-packages/paramiko/packet.py", line 609, in _read_timeout
2020-09-12 00:01:42,655 -     raise EOFError()
2020-09-12 00:01:42,655 - EOFError
2020-09-12 00:01:42,655 - 
2020-09-12 00:01:42,655 - During handling of the above exception, another exception occurred:
2020-09-12 00:01:42,655 - 
2020-09-12 00:01:42,655 - Traceback (most recent call last):
2020-09-12 00:01:42,655 -   File "/Library/Frameworks/Python.framework/Versions/3.8/lib/python3.8/site-packages/paramiko/transport.py", line 2039, in run
2020-09-12 00:01:42,655 -     self._check_banner()
2020-09-12 00:01:42,655 -   File "/Library/Frameworks/Python.framework/Versions/3.8/lib/python3.8/site-packages/paramiko/transport.py", line 2215, in _check_banner
2020-09-12 00:01:42,655 -     raise SSHException(
2020-09-12 00:01:42,655 - paramiko.ssh_exception.SSHException: Error reading SSH protocol banner
2020-09-12 00:01:42,655 - 
2020-09-12 00:01:43,596 - [chan 0] sftp session closed.
2020-09-12 00:13:14,417 - Connected (version 2.0, client Mocana)
2020-09-12 00:13:14,623 - Authentication (password) successful!
2020-09-12 00:13:22,740 - Connected (version 2.0, client Mocana)
2020-09-12 00:13:22,939 - Authentication (password) successful!
2020-09-12 00:13:22,941 - [chan 0] Opened sftp connection (server version 3)
2020-09-12 00:13:22,945 - Connected (version 2.0, client Mocana)
2020-09-12 00:13:23,173 - Authentication (password) successful!
2020-09-12 00:13:31,298 - Connected (version 2.0, client Mocana)
2020-09-12 00:13:31,496 - Authentication (password) successful!
2020-09-12 00:13:31,498 - [chan 0] Opened sftp connection (server version 3)
2020-09-12 00:13:31,502 - Exception: Error reading SSH protocol banner
2020-09-12 00:13:31,502 - Traceback (most recent call last):
2020-09-12 00:13:31,502 -   File "/Library/Frameworks/Python.framework/Versions/3.8/lib/python3.8/site-packages/paramiko/transport.py", line 2211, in _check_banner
2020-09-12 00:13:31,502 -     buf = self.packetizer.readline(timeout)
2020-09-12 00:13:31,502 -   File "/Library/Frameworks/Python.framework/Versions/3.8/lib/python3.8/site-packages/paramiko/packet.py", line 380, in readline
2020-09-12 00:13:31,503 -     buf += self._read_timeout(timeout)
2020-09-12 00:13:31,503 -   File "/Library/Frameworks/Python.framework/Versions/3.8/lib/python3.8/site-packages/paramiko/packet.py", line 609, in _read_timeout
2020-09-12 00:13:31,503 -     raise EOFError()
2020-09-12 00:13:31,503 - EOFError
2020-09-12 00:13:31,503 - 
2020-09-12 00:13:31,503 - During handling of the above exception, another exception occurred:
2020-09-12 00:13:31,503 - 
2020-09-12 00:13:31,503 - Traceback (most recent call last):
2020-09-12 00:13:31,503 -   File "/Library/Frameworks/Python.framework/Versions/3.8/lib/python3.8/site-packages/paramiko/transport.py", line 2039, in run
2020-09-12 00:13:31,503 -     self._check_banner()
2020-09-12 00:13:31,503 -   File "/Library/Frameworks/Python.framework/Versions/3.8/lib/python3.8/site-packages/paramiko/transport.py", line 2215, in _check_banner
2020-09-12 00:13:31,503 -     raise SSHException(
2020-09-12 00:13:31,503 - paramiko.ssh_exception.SSHException: Error reading SSH protocol banner
2020-09-12 00:13:31,503 - 
